#
# A fatal error has been detected by the Java Runtime Environment:
#
#  EXCEPTION_ACCESS_VIOLATION (0xc0000005) at pc=0x00007ff8916c9c20, pid=21052, tid=21124
#
# JRE version: OpenJDK Runtime Environment Temurin-17.0.5+8 (17.0.5+8) (build 17.0.5+8)
# Java VM: OpenJDK 64-Bit Server VM Temurin-17.0.5+8 (17.0.5+8, mixed mode, tiered, compressed oops, compressed class ptrs, g1 gc, windows-amd64)
# Problematic frame:
# V  [jvm.dll+0x2c9c20]
#
# No core dump will be written. Minidumps are not enabled by default on client versions of Windows
#
# If you would like to submit a bug report, please visit:
#   https://github.com/adoptium/adoptium-support/issues
#

---------------  S U M M A R Y ------------

Command Line: -XX:+ShowCodeDetailsInExceptionMessages -agentlib:jdwp=transport=dt_socket,suspend=y,address=localhost:56633 -javaagent:C:\Users\mukes\eclipse\jee-2022-12\eclipse\configuration\org.eclipse.osgi\420\0\.cp\lib\javaagent-shaded.jar -Dfile.encoding=UTF-8 automationdemoLaunchBrowser.ImpTestingProject

Host: Intel(R) Core(TM) i7-7500U CPU @ 2.70GHz, 4 cores, 15G,  Windows 10 , 64 bit Build 19041 (10.0.19041.2546)
Time: Wed Mar 29 17:13:37 2023 Eastern Daylight Time elapsed time: 12678.965081 seconds (0d 3h 31m 18s)

---------------  T H R E A D  ---------------

Current thread (0x0000023a5b48ef80):  JavaThread "C1 CompilerThread0" daemon [_thread_in_vm, id=21124, stack(0x0000003f19600000,0x0000003f19700000)]


Current CompileTask:
C1:12678965  717       3       org.eclipse.jdt.launching.internal.org.objectweb.asm.ClassReader::readUTF8 (23 bytes)

Stack: [0x0000003f19600000,0x0000003f19700000],  sp=0x0000003f196feef0,  free space=1019k
Native frames: (J=compiled Java code, j=interpreted, Vv=VM code, C=native code)
V  [jvm.dll+0x2c9c20]
V  [jvm.dll+0x61da36]
V  [jvm.dll+0x61bc96]
V  [jvm.dll+0x62cf0a]
V  [jvm.dll+0x625d5a]
V  [jvm.dll+0x1cbe30]
V  [jvm.dll+0x1cc01f]
V  [jvm.dll+0x133cfe]
V  [jvm.dll+0x134026]
V  [jvm.dll+0x1334ba]
V  [jvm.dll+0x135181]
V  [jvm.dll+0x22698a]
V  [jvm.dll+0x224ac5]
V  [jvm.dll+0x7e727b]
V  [jvm.dll+0x7e17ea]
V  [jvm.dll+0x6759e5]
C  [ucrtbase.dll+0x21bb2]
C  [KERNEL32.DLL+0x17614]
C  [ntdll.dll+0x526a1]


siginfo: EXCEPTION_ACCESS_VIOLATION (0xc0000005), reading address 0x0000023a5d84b570


Register to memory mapping:

RIP=0x00007ff8916c9c20 jvm.dll
RAX=0x0000023a5d84b548 is an unknown value
RBX=0x0000023a5b7d2890 points into unknown readable memory: 0x0000023a5d53a8c0 | c0 a8 53 5d 3a 02 00 00
RCX=0x0000023a5b7d2890 points into unknown readable memory: 0x0000023a5d53a8c0 | c0 a8 53 5d 3a 02 00 00
RDX=0x0000000000000042 is an unknown value
RSP=0x0000003f196feef0 is pointing into the stack for thread: 0x0000023a5b48ef80
RBP=0x0000023a5b50a970 points into unknown readable memory: 0x0000023a5b715dd0 | d0 5d 71 5b 3a 02 00 00
RSI=0x0000000000000042 is an unknown value
RDI=0x0 is NULL
R8 =0x0000000000000001 is an unknown value
R9 =0x0000023a5b48ef80 is a thread
R10=0x0000000000000042 is an unknown value
R11={method} {0x0000023a5d511788} 'readUTF8' '(I[C)Ljava/lang/String;' in 'org/eclipse/jdt/launching/internal/org/objectweb/asm/ClassReader'
R12=0x0000023a5c3daad0 points into unknown readable memory: 0x0000023a5b77bb80 | 80 bb 77 5b 3a 02 00 00
R13=0x0 is NULL
R14=0x0000023a5b7d29a0 points into unknown readable memory: 0x0000023a5d53a5f8 | f8 a5 53 5d 3a 02 00 00
R15=0x0000023a5b48ef80 is a thread


Registers:
RAX=0x0000023a5d84b548, RBX=0x0000023a5b7d2890, RCX=0x0000023a5b7d2890, RDX=0x0000000000000042
RSP=0x0000003f196feef0, RBP=0x0000023a5b50a970, RSI=0x0000000000000042, RDI=0x0000000000000000
R8 =0x0000000000000001, R9 =0x0000023a5b48ef80, R10=0x0000000000000042, R11=0x0000023a5d511780
R12=0x0000023a5c3daad0, R13=0x0000000000000000, R14=0x0000023a5b7d29a0, R15=0x0000023a5b48ef80
RIP=0x00007ff8916c9c20, EFLAGS=0x0000000000010206

Top of Stack: (sp=0x0000003f196feef0)
0x0000003f196feef0:   0000003f196ff030 0000000000000000
0x0000003f196fef00:   0000023a5d51173b 00007ff9000000b6
0x0000003f196fef10:   0000000000000042 00007ff891a1da36
0x0000003f196fef20:   0000023a5b77bb80 0000000000000042
0x0000003f196fef30:   0000000000000042 00007ff891a3192c
0x0000003f196fef40:   0000023a5d511780 00007ff891a2e88c
0x0000003f196fef50:   0000023a5a9e90e0 00000000ffffffff
0x0000003f196fef60:   0000023a5d51173b 00007ff9000000b6
0x0000003f196fef70:   0000023a5d511780 0000023a5b48ef80
0x0000003f196fef80:   00000000000000b0 0000000000000001
0x0000003f196fef90:   0000023a5a9e8b90 0000000000000210
0x0000003f196fefa0:   0000000000000009 0000003f196ff830
0x0000003f196fefb0:   0000023a5b48ef80 00007ff891a1bc96
0x0000003f196fefc0:   0000001700000017 ffffffff00000017
0x0000003f196fefd0:   0000023a5b000000 00007ff8ffffffff
0x0000003f196fefe0:   0000023a3fe26f90 00007ff891efac40 

Instructions: (pc=0x00007ff8916c9c20)
0x00007ff8916c9b20:   48 b8 45 44 4f 4e 45 44 4f 4e 4c 89 42 28 48 89
0x00007ff8916c9b30:   02 33 c0 48 89 42 08 48 89 42 10 48 89 42 18 48
0x00007ff8916c9b40:   89 42 20 48 8b 89 10 01 00 00 48 85 c9 75 09 49
0x00007ff8916c9b50:   89 91 10 01 00 00 eb 42 48 8b 41 28 4c 3b c0 74
0x00007ff8916c9b60:   2d 76 13 48 8b 41 18 48 85 c0 75 13 48 89 51 18
0x00007ff8916c9b70:   48 89 4a 08 eb 24 48 8b 41 10 48 85 c0 74 05 48
0x00007ff8916c9b80:   8b c8 eb d4 48 89 51 10 48 89 4a 08 eb 0c 48 8b
0x00007ff8916c9b90:   41 20 48 89 42 20 48 89 51 20 4d 85 c0 74 38 41
0x00007ff8916c9ba0:   ff 81 18 01 00 00 4d 01 81 20 01 00 00 c3 41 8d
0x00007ff8916c9bb0:   40 fe 48 63 c8 49 8b 04 c9 48 89 02 4c 89 42 08
0x00007ff8916c9bc0:   49 89 14 c9 4d 85 c0 74 0e 41 ff 81 00 01 00 00
0x00007ff8916c9bd0:   4d 01 81 08 01 00 00 c3 cc cc cc cc cc cc cc cc
0x00007ff8916c9be0:   48 89 5c 24 08 48 89 74 24 10 48 89 7c 24 18 41
0x00007ff8916c9bf0:   56 48 83 ec 20 48 8b f2 48 8b d9 48 3b 91 28 01
0x00007ff8916c9c00:   00 00 76 76 4c 8d b1 10 01 00 00 49 8b 06 48 85
0x00007ff8916c9c10:   c0 0f 84 af 01 00 00 33 ff 0f 1f 80 00 00 00 00
0x00007ff8916c9c20:   48 39 70 28 72 0b 48 8b f8 74 0f 48 8b 40 10 eb
0x00007ff8916c9c30:   04 48 8b 40 18 48 85 c0 75 e6 48 85 ff 0f 84 83
0x00007ff8916c9c40:   01 00 00 48 8b 47 20 48 8d 4f 20 48 85 c0 74 0c
0x00007ff8916c9c50:   48 8b f8 48 8b 40 20 48 89 01 eb 0b 48 8b d7 49
0x00007ff8916c9c60:   8b ce e8 79 01 00 00 48 8b 57 28 48 85 d2 74 67
0x00007ff8916c9c70:   41 ff 4e 08 49 29 56 10 eb 5d 8d 4a fe 48 63 c1
0x00007ff8916c9c80:   48 83 f8 20 7d 12 48 83 3c c3 00 75 0b ff c1 48
0x00007ff8916c9c90:   ff c0 48 83 f8 20 7c ee 83 f9 20 b8 ff ff ff ff
0x00007ff8916c9ca0:   0f 44 c8 3b c8 0f 84 1b 01 00 00 48 63 c1 48 8d
0x00007ff8916c9cb0:   0c c5 00 00 00 00 48 8b 3c 19 48 8d 50 02 48 8b
0x00007ff8916c9cc0:   07 48 89 04 19 48 85 d2 74 0d ff 8b 00 01 00 00
0x00007ff8916c9cd0:   48 29 93 08 01 00 00 48 85 ff 0f 84 b0 00 00 00
0x00007ff8916c9ce0:   48 2b d6 48 83 fa 02 0f 86 a3 00 00 00 4c 8d 04
0x00007ff8916c9cf0:   f7 48 3b 93 28 01 00 00 0f 86 a1 00 00 00 48 b8
0x00007ff8916c9d00:   45 44 4f 4e 45 44 4f 4e 49 c7 40 08 00 00 00 00
0x00007ff8916c9d10:   49 89 00 49 c7 40 10 00 00 00 00 49 c7 40 18 00 


Stack slot to memory mapping:
stack at sp + 0 slots: 0x0000003f196ff030 is pointing into the stack for thread: 0x0000023a5b48ef80
stack at sp + 1 slots: 0x0 is NULL
stack at sp + 2 slots: 0x0000023a5d51173b is pointing into metadata
stack at sp + 3 slots: 0x00007ff9000000b6 is an unknown value
stack at sp + 4 slots: 0x0000000000000042 is an unknown value
stack at sp + 5 slots: 0x00007ff891a1da36 jvm.dll
stack at sp + 6 slots: 0x0000023a5b77bb80 points into unknown readable memory: 0x0000023a5b48ef80 | 80 ef 48 5b 3a 02 00 00
stack at sp + 7 slots: 0x0000000000000042 is an unknown value


---------------  P R O C E S S  ---------------

Threads class SMR info:
_java_thread_list=0x0000023a5be623a0, length=15, elements={
0x0000023a3c708830, 0x0000023a5b43dc50, 0x0000023a5b43eed0, 0x0000023a5a9f91f0,
0x0000023a5a9faac0, 0x0000023a5a9fc880, 0x0000023a5b485a80, 0x0000023a5b48e680,
0x0000023a5b48ef80, 0x0000023a5b4aa040, 0x0000023a5b600c70, 0x0000023a5b84b430,
0x0000023a5b7d2cd0, 0x0000023a5b7d35c0, 0x0000023a5c3dd420
}

Java Threads: ( => current thread )
  0x0000023a3c708830 JavaThread "main" [_thread_blocked, id=21380, stack(0x0000003f18800000,0x0000003f18900000)]
  0x0000023a5b43dc50 JavaThread "Reference Handler" daemon [_thread_blocked, id=21388, stack(0x0000003f18f00000,0x0000003f19000000)]
  0x0000023a5b43eed0 JavaThread "Finalizer" daemon [_thread_blocked, id=21268, stack(0x0000003f19000000,0x0000003f19100000)]
  0x0000023a5a9f91f0 JavaThread "Signal Dispatcher" daemon [_thread_blocked, id=24540, stack(0x0000003f19100000,0x0000003f19200000)]
  0x0000023a5a9faac0 JavaThread "Attach Listener" daemon [_thread_blocked, id=16804, stack(0x0000003f19200000,0x0000003f19300000)]
  0x0000023a5a9fc880 JavaThread "Service Thread" daemon [_thread_blocked, id=9760, stack(0x0000003f19300000,0x0000003f19400000)]
  0x0000023a5b485a80 JavaThread "Monitor Deflation Thread" daemon [_thread_blocked, id=20844, stack(0x0000003f19400000,0x0000003f19500000)]
  0x0000023a5b48e680 JavaThread "C2 CompilerThread0" daemon [_thread_blocked, id=18204, stack(0x0000003f19500000,0x0000003f19600000)]
=>0x0000023a5b48ef80 JavaThread "C1 CompilerThread0" daemon [_thread_in_vm, id=21124, stack(0x0000003f19600000,0x0000003f19700000)]
  0x0000023a5b4aa040 JavaThread "Sweeper thread" daemon [_thread_blocked, id=12088, stack(0x0000003f19700000,0x0000003f19800000)]
  0x0000023a5b600c70 JavaThread "Common-Cleaner" daemon [_thread_blocked, id=7340, stack(0x0000003f19800000,0x0000003f19900000)]
  0x0000023a5b84b430 JavaThread "JDWP Transport Listener: dt_socket" daemon [_thread_blocked, id=24040, stack(0x0000003f19900000,0x0000003f19a00000)]
  0x0000023a5b7d2cd0 JavaThread "JDWP Event Helper Thread" daemon [_thread_blocked, id=17956, stack(0x0000003f19a00000,0x0000003f19b00000)]
  0x0000023a5b7d35c0 JavaThread "JDWP Command Reader" daemon [_thread_in_native, id=25216, stack(0x0000003f19b00000,0x0000003f19c00000)]
  0x0000023a5c3dd420 JavaThread "Notification Thread" daemon [_thread_blocked, id=16024, stack(0x0000003f1a000000,0x0000003f1a100000)]

Other Threads:
  0x0000023a5a9ed800 VMThread "VM Thread" [stack: 0x0000003f18e00000,0x0000003f18f00000] [id=24692]
  0x0000023a5c45fd10 WatcherThread [stack: 0x0000003f1a100000,0x0000003f1a200000] [id=22976]
  0x0000023a3c772be0 GCTaskThread "GC Thread#0" [stack: 0x0000003f18900000,0x0000003f18a00000] [id=24288]
  0x0000023a5bd9df50 GCTaskThread "GC Thread#1" [stack: 0x0000003f19c00000,0x0000003f19d00000] [id=23388]
  0x0000023a5bd9e200 GCTaskThread "GC Thread#2" [stack: 0x0000003f19d00000,0x0000003f19e00000] [id=20876]
  0x0000023a5b99a360 GCTaskThread "GC Thread#3" [stack: 0x0000003f19e00000,0x0000003f19f00000] [id=6076]
  0x0000023a3c77f9c0 ConcurrentGCThread "G1 Main Marker" [stack: 0x0000003f18a00000,0x0000003f18b00000] [id=24440]
  0x0000023a3a69ec60 ConcurrentGCThread "G1 Conc#0" [stack: 0x0000003f18b00000,0x0000003f18c00000] [id=12056]
  0x0000023a5a8864f0 ConcurrentGCThread "G1 Refine#0" [stack: 0x0000003f18c00000,0x0000003f18d00000] [id=24820]
  0x0000023a5a888d30 ConcurrentGCThread "G1 Service" [stack: 0x0000003f18d00000,0x0000003f18e00000] [id=8408]

Threads with active compile tasks:
C1 CompilerThread0  12679037  717       3       org.eclipse.jdt.launching.internal.org.objectweb.asm.ClassReader::readUTF8 (23 bytes)

VM state: not at safepoint (normal execution)

VM Mutex/Monitor currently owned by a thread:  ([mutex/lock_event])
[0x0000023a3c702ff0] MethodData_lock - owner thread: 0x0000023a5b48ef80

Heap address: 0x0000000701c00000, size: 4068 MB, Compressed Oops mode: Zero based, Oop shift amount: 3

CDS archive(s) not mapped
Compressed class space mapped at: 0x0000000800000000-0x0000000840000000, reserved size: 1073741824
Narrow klass base: 0x0000000800000000, Narrow klass shift: 0, Narrow klass range: 0x40000000

GC Precious Log:
 CPUs: 4 total, 4 available
 Memory: 16268M
 Large Page Support: Disabled
 NUMA Support: Disabled
 Compressed Oops: Enabled (Zero based)
 Heap Region Size: 2M
 Heap Min Capacity: 8M
 Heap Initial Capacity: 256M
 Heap Max Capacity: 4068M
 Pre-touch: Disabled
 Parallel Workers: 4
 Concurrent Workers: 1
 Concurrent Refinement Workers: 4
 Periodic GC: Disabled

Heap:
 garbage-first heap   total 262144K, used 8576K [0x0000000701c00000, 0x0000000800000000)
  region size 2048K, 3 young (6144K), 1 survivors (2048K)
 Metaspace       used 10281K, committed 10432K, reserved 1064960K
  class space    used 876K, committed 960K, reserved 1048576K

Heap Regions: E=young(eden), S=young(survivor), O=old, HS=humongous(starts), HC=humongous(continues), CS=collection set, F=free, OA=open archive, CA=closed archive, TAMS=top-at-mark-start (previous, next)
|   0|0x0000000701c00000, 0x0000000701e00000, 0x0000000701e00000|100%| O|  |TAMS 0x0000000701c00000, 0x0000000701c00000| Untracked 
|   1|0x0000000701e00000, 0x0000000702000000, 0x0000000702000000|100%| O|  |TAMS 0x0000000701e00000, 0x0000000701e00000| Untracked 
|   2|0x0000000702000000, 0x0000000702060000, 0x0000000702200000| 18%| O|  |TAMS 0x0000000702000000, 0x0000000702000000| Untracked 
|   3|0x0000000702200000, 0x0000000702200000, 0x0000000702400000|  0%| F|  |TAMS 0x0000000702200000, 0x0000000702200000| Untracked 
|   4|0x0000000702400000, 0x0000000702400000, 0x0000000702600000|  0%| F|  |TAMS 0x0000000702400000, 0x0000000702400000| Untracked 
|   5|0x0000000702600000, 0x0000000702600000, 0x0000000702800000|  0%| F|  |TAMS 0x0000000702600000, 0x0000000702600000| Untracked 
|   6|0x0000000702800000, 0x0000000702800000, 0x0000000702a00000|  0%| F|  |TAMS 0x0000000702800000, 0x0000000702800000| Untracked 
|   7|0x0000000702a00000, 0x0000000702a00000, 0x0000000702c00000|  0%| F|  |TAMS 0x0000000702a00000, 0x0000000702a00000| Untracked 
|   8|0x0000000702c00000, 0x0000000702c00000, 0x0000000702e00000|  0%| F|  |TAMS 0x0000000702c00000, 0x0000000702c00000| Untracked 
|   9|0x0000000702e00000, 0x0000000702e00000, 0x0000000703000000|  0%| F|  |TAMS 0x0000000702e00000, 0x0000000702e00000| Untracked 
|  10|0x0000000703000000, 0x0000000703000000, 0x0000000703200000|  0%| F|  |TAMS 0x0000000703000000, 0x0000000703000000| Untracked 
|  11|0x0000000703200000, 0x0000000703200000, 0x0000000703400000|  0%| F|  |TAMS 0x0000000703200000, 0x0000000703200000| Untracked 
|  12|0x0000000703400000, 0x0000000703400000, 0x0000000703600000|  0%| F|  |TAMS 0x0000000703400000, 0x0000000703400000| Untracked 
|  13|0x0000000703600000, 0x0000000703600000, 0x0000000703800000|  0%| F|  |TAMS 0x0000000703600000, 0x0000000703600000| Untracked 
|  14|0x0000000703800000, 0x0000000703800000, 0x0000000703a00000|  0%| F|  |TAMS 0x0000000703800000, 0x0000000703800000| Untracked 
|  15|0x0000000703a00000, 0x0000000703a00000, 0x0000000703c00000|  0%| F|  |TAMS 0x0000000703a00000, 0x0000000703a00000| Untracked 
|  16|0x0000000703c00000, 0x0000000703c00000, 0x0000000703e00000|  0%| F|  |TAMS 0x0000000703c00000, 0x0000000703c00000| Untracked 
|  17|0x0000000703e00000, 0x0000000703e00000, 0x0000000704000000|  0%| F|  |TAMS 0x0000000703e00000, 0x0000000703e00000| Untracked 
|  18|0x0000000704000000, 0x0000000704000000, 0x0000000704200000|  0%| F|  |TAMS 0x0000000704000000, 0x0000000704000000| Untracked 
|  19|0x0000000704200000, 0x0000000704200000, 0x0000000704400000|  0%| F|  |TAMS 0x0000000704200000, 0x0000000704200000| Untracked 
|  20|0x0000000704400000, 0x0000000704400000, 0x0000000704600000|  0%| F|  |TAMS 0x0000000704400000, 0x0000000704400000| Untracked 
|  21|0x0000000704600000, 0x0000000704600000, 0x0000000704800000|  0%| F|  |TAMS 0x0000000704600000, 0x0000000704600000| Untracked 
|  22|0x0000000704800000, 0x0000000704800000, 0x0000000704a00000|  0%| F|  |TAMS 0x0000000704800000, 0x0000000704800000| Untracked 
|  23|0x0000000704a00000, 0x0000000704a00000, 0x0000000704c00000|  0%| F|  |TAMS 0x0000000704a00000, 0x0000000704a00000| Untracked 
|  24|0x0000000704c00000, 0x0000000704c00000, 0x0000000704e00000|  0%| F|  |TAMS 0x0000000704c00000, 0x0000000704c00000| Untracked 
|  25|0x0000000704e00000, 0x0000000704e00000, 0x0000000705000000|  0%| F|  |TAMS 0x0000000704e00000, 0x0000000704e00000| Untracked 
|  26|0x0000000705000000, 0x0000000705000000, 0x0000000705200000|  0%| F|  |TAMS 0x0000000705000000, 0x0000000705000000| Untracked 
|  27|0x0000000705200000, 0x0000000705200000, 0x0000000705400000|  0%| F|  |TAMS 0x0000000705200000, 0x0000000705200000| Untracked 
|  28|0x0000000705400000, 0x0000000705400000, 0x0000000705600000|  0%| F|  |TAMS 0x0000000705400000, 0x0000000705400000| Untracked 
|  29|0x0000000705600000, 0x0000000705600000, 0x0000000705800000|  0%| F|  |TAMS 0x0000000705600000, 0x0000000705600000| Untracked 
|  30|0x0000000705800000, 0x0000000705800000, 0x0000000705a00000|  0%| F|  |TAMS 0x0000000705800000, 0x0000000705800000| Untracked 
|  31|0x0000000705a00000, 0x0000000705a00000, 0x0000000705c00000|  0%| F|  |TAMS 0x0000000705a00000, 0x0000000705a00000| Untracked 
|  32|0x0000000705c00000, 0x0000000705c00000, 0x0000000705e00000|  0%| F|  |TAMS 0x0000000705c00000, 0x0000000705c00000| Untracked 
|  33|0x0000000705e00000, 0x0000000705e00000, 0x0000000706000000|  0%| F|  |TAMS 0x0000000705e00000, 0x0000000705e00000| Untracked 
|  34|0x0000000706000000, 0x0000000706000000, 0x0000000706200000|  0%| F|  |TAMS 0x0000000706000000, 0x0000000706000000| Untracked 
|  35|0x0000000706200000, 0x0000000706200000, 0x0000000706400000|  0%| F|  |TAMS 0x0000000706200000, 0x0000000706200000| Untracked 
|  36|0x0000000706400000, 0x0000000706400000, 0x0000000706600000|  0%| F|  |TAMS 0x0000000706400000, 0x0000000706400000| Untracked 
|  37|0x0000000706600000, 0x0000000706600000, 0x0000000706800000|  0%| F|  |TAMS 0x0000000706600000, 0x0000000706600000| Untracked 
|  38|0x0000000706800000, 0x0000000706800000, 0x0000000706a00000|  0%| F|  |TAMS 0x0000000706800000, 0x0000000706800000| Untracked 
|  39|0x0000000706a00000, 0x0000000706a00000, 0x0000000706c00000|  0%| F|  |TAMS 0x0000000706a00000, 0x0000000706a00000| Untracked 
|  40|0x0000000706c00000, 0x0000000706c00000, 0x0000000706e00000|  0%| F|  |TAMS 0x0000000706c00000, 0x0000000706c00000| Untracked 
|  41|0x0000000706e00000, 0x0000000706e00000, 0x0000000707000000|  0%| F|  |TAMS 0x0000000706e00000, 0x0000000706e00000| Untracked 
|  42|0x0000000707000000, 0x0000000707000000, 0x0000000707200000|  0%| F|  |TAMS 0x0000000707000000, 0x0000000707000000| Untracked 
|  43|0x0000000707200000, 0x0000000707200000, 0x0000000707400000|  0%| F|  |TAMS 0x0000000707200000, 0x0000000707200000| Untracked 
|  44|0x0000000707400000, 0x0000000707400000, 0x0000000707600000|  0%| F|  |TAMS 0x0000000707400000, 0x0000000707400000| Untracked 
|  45|0x0000000707600000, 0x0000000707600000, 0x0000000707800000|  0%| F|  |TAMS 0x0000000707600000, 0x0000000707600000| Untracked 
|  46|0x0000000707800000, 0x0000000707800000, 0x0000000707a00000|  0%| F|  |TAMS 0x0000000707800000, 0x0000000707800000| Untracked 
|  47|0x0000000707a00000, 0x0000000707a00000, 0x0000000707c00000|  0%| F|  |TAMS 0x0000000707a00000, 0x0000000707a00000| Untracked 
|  48|0x0000000707c00000, 0x0000000707c00000, 0x0000000707e00000|  0%| F|  |TAMS 0x0000000707c00000, 0x0000000707c00000| Untracked 
|  49|0x0000000707e00000, 0x0000000707e00000, 0x0000000708000000|  0%| F|  |TAMS 0x0000000707e00000, 0x0000000707e00000| Untracked 
|  50|0x0000000708000000, 0x0000000708000000, 0x0000000708200000|  0%| F|  |TAMS 0x0000000708000000, 0x0000000708000000| Untracked 
|  51|0x0000000708200000, 0x0000000708200000, 0x0000000708400000|  0%| F|  |TAMS 0x0000000708200000, 0x0000000708200000| Untracked 
|  52|0x0000000708400000, 0x0000000708400000, 0x0000000708600000|  0%| F|  |TAMS 0x0000000708400000, 0x0000000708400000| Untracked 
|  53|0x0000000708600000, 0x0000000708600000, 0x0000000708800000|  0%| F|  |TAMS 0x0000000708600000, 0x0000000708600000| Untracked 
|  54|0x0000000708800000, 0x0000000708800000, 0x0000000708a00000|  0%| F|  |TAMS 0x0000000708800000, 0x0000000708800000| Untracked 
|  55|0x0000000708a00000, 0x0000000708a00000, 0x0000000708c00000|  0%| F|  |TAMS 0x0000000708a00000, 0x0000000708a00000| Untracked 
|  56|0x0000000708c00000, 0x0000000708c00000, 0x0000000708e00000|  0%| F|  |TAMS 0x0000000708c00000, 0x0000000708c00000| Untracked 
|  57|0x0000000708e00000, 0x0000000708e00000, 0x0000000709000000|  0%| F|  |TAMS 0x0000000708e00000, 0x0000000708e00000| Untracked 
|  58|0x0000000709000000, 0x0000000709000000, 0x0000000709200000|  0%| F|  |TAMS 0x0000000709000000, 0x0000000709000000| Untracked 
|  59|0x0000000709200000, 0x0000000709200000, 0x0000000709400000|  0%| F|  |TAMS 0x0000000709200000, 0x0000000709200000| Untracked 
|  60|0x0000000709400000, 0x0000000709400000, 0x0000000709600000|  0%| F|  |TAMS 0x0000000709400000, 0x0000000709400000| Untracked 
|  61|0x0000000709600000, 0x0000000709600000, 0x0000000709800000|  0%| F|  |TAMS 0x0000000709600000, 0x0000000709600000| Untracked 
|  62|0x0000000709800000, 0x0000000709800000, 0x0000000709a00000|  0%| F|  |TAMS 0x0000000709800000, 0x0000000709800000| Untracked 
|  63|0x0000000709a00000, 0x0000000709a00000, 0x0000000709c00000|  0%| F|  |TAMS 0x0000000709a00000, 0x0000000709a00000| Untracked 
|  64|0x0000000709c00000, 0x0000000709c00000, 0x0000000709e00000|  0%| F|  |TAMS 0x0000000709c00000, 0x0000000709c00000| Untracked 
|  65|0x0000000709e00000, 0x0000000709e00000, 0x000000070a000000|  0%| F|  |TAMS 0x0000000709e00000, 0x0000000709e00000| Untracked 
|  66|0x000000070a000000, 0x000000070a000000, 0x000000070a200000|  0%| F|  |TAMS 0x000000070a000000, 0x000000070a000000| Untracked 
|  67|0x000000070a200000, 0x000000070a200000, 0x000000070a400000|  0%| F|  |TAMS 0x000000070a200000, 0x000000070a200000| Untracked 
|  68|0x000000070a400000, 0x000000070a400000, 0x000000070a600000|  0%| F|  |TAMS 0x000000070a400000, 0x000000070a400000| Untracked 
|  69|0x000000070a600000, 0x000000070a600000, 0x000000070a800000|  0%| F|  |TAMS 0x000000070a600000, 0x000000070a600000| Untracked 
|  70|0x000000070a800000, 0x000000070a800000, 0x000000070aa00000|  0%| F|  |TAMS 0x000000070a800000, 0x000000070a800000| Untracked 
|  71|0x000000070aa00000, 0x000000070aa00000, 0x000000070ac00000|  0%| F|  |TAMS 0x000000070aa00000, 0x000000070aa00000| Untracked 
|  72|0x000000070ac00000, 0x000000070ac00000, 0x000000070ae00000|  0%| F|  |TAMS 0x000000070ac00000, 0x000000070ac00000| Untracked 
|  73|0x000000070ae00000, 0x000000070ae00000, 0x000000070b000000|  0%| F|  |TAMS 0x000000070ae00000, 0x000000070ae00000| Untracked 
|  74|0x000000070b000000, 0x000000070b000000, 0x000000070b200000|  0%| F|  |TAMS 0x000000070b000000, 0x000000070b000000| Untracked 
|  75|0x000000070b200000, 0x000000070b200000, 0x000000070b400000|  0%| F|  |TAMS 0x000000070b200000, 0x000000070b200000| Untracked 
|  76|0x000000070b400000, 0x000000070b400000, 0x000000070b600000|  0%| F|  |TAMS 0x000000070b400000, 0x000000070b400000| Untracked 
|  77|0x000000070b600000, 0x000000070b600000, 0x000000070b800000|  0%| F|  |TAMS 0x000000070b600000, 0x000000070b600000| Untracked 
|  78|0x000000070b800000, 0x000000070b800000, 0x000000070ba00000|  0%| F|  |TAMS 0x000000070b800000, 0x000000070b800000| Untracked 
|  79|0x000000070ba00000, 0x000000070ba00000, 0x000000070bc00000|  0%| F|  |TAMS 0x000000070ba00000, 0x000000070ba00000| Untracked 
|  80|0x000000070bc00000, 0x000000070bc00000, 0x000000070be00000|  0%| F|  |TAMS 0x000000070bc00000, 0x000000070bc00000| Untracked 
|  81|0x000000070be00000, 0x000000070be00000, 0x000000070c000000|  0%| F|  |TAMS 0x000000070be00000, 0x000000070be00000| Untracked 
|  82|0x000000070c000000, 0x000000070c000000, 0x000000070c200000|  0%| F|  |TAMS 0x000000070c000000, 0x000000070c000000| Untracked 
|  83|0x000000070c200000, 0x000000070c200000, 0x000000070c400000|  0%| F|  |TAMS 0x000000070c200000, 0x000000070c200000| Untracked 
|  84|0x000000070c400000, 0x000000070c400000, 0x000000070c600000|  0%| F|  |TAMS 0x000000070c400000, 0x000000070c400000| Untracked 
|  85|0x000000070c600000, 0x000000070c600000, 0x000000070c800000|  0%| F|  |TAMS 0x000000070c600000, 0x000000070c600000| Untracked 
|  86|0x000000070c800000, 0x000000070c800000, 0x000000070ca00000|  0%| F|  |TAMS 0x000000070c800000, 0x000000070c800000| Untracked 
|  87|0x000000070ca00000, 0x000000070ca00000, 0x000000070cc00000|  0%| F|  |TAMS 0x000000070ca00000, 0x000000070ca00000| Untracked 
|  88|0x000000070cc00000, 0x000000070cc00000, 0x000000070ce00000|  0%| F|  |TAMS 0x000000070cc00000, 0x000000070cc00000| Untracked 
|  89|0x000000070ce00000, 0x000000070ce00000, 0x000000070d000000|  0%| F|  |TAMS 0x000000070ce00000, 0x000000070ce00000| Untracked 
|  90|0x000000070d000000, 0x000000070d000000, 0x000000070d200000|  0%| F|  |TAMS 0x000000070d000000, 0x000000070d000000| Untracked 
|  91|0x000000070d200000, 0x000000070d200000, 0x000000070d400000|  0%| F|  |TAMS 0x000000070d200000, 0x000000070d200000| Untracked 
|  92|0x000000070d400000, 0x000000070d400000, 0x000000070d600000|  0%| F|  |TAMS 0x000000070d400000, 0x000000070d400000| Untracked 
|  93|0x000000070d600000, 0x000000070d600000, 0x000000070d800000|  0%| F|  |TAMS 0x000000070d600000, 0x000000070d600000| Untracked 
|  94|0x000000070d800000, 0x000000070d800000, 0x000000070da00000|  0%| F|  |TAMS 0x000000070d800000, 0x000000070d800000| Untracked 
|  95|0x000000070da00000, 0x000000070da00000, 0x000000070dc00000|  0%| F|  |TAMS 0x000000070da00000, 0x000000070da00000| Untracked 
|  96|0x000000070dc00000, 0x000000070dc00000, 0x000000070de00000|  0%| F|  |TAMS 0x000000070dc00000, 0x000000070dc00000| Untracked 
|  97|0x000000070de00000, 0x000000070de00000, 0x000000070e000000|  0%| F|  |TAMS 0x000000070de00000, 0x000000070de00000| Untracked 
|  98|0x000000070e000000, 0x000000070e000000, 0x000000070e200000|  0%| F|  |TAMS 0x000000070e000000, 0x000000070e000000| Untracked 
|  99|0x000000070e200000, 0x000000070e200000, 0x000000070e400000|  0%| F|  |TAMS 0x000000070e200000, 0x000000070e200000| Untracked 
| 100|0x000000070e400000, 0x000000070e400000, 0x000000070e600000|  0%| F|  |TAMS 0x000000070e400000, 0x000000070e400000| Untracked 
| 101|0x000000070e600000, 0x000000070e600000, 0x000000070e800000|  0%| F|  |TAMS 0x000000070e600000, 0x000000070e600000| Untracked 
| 102|0x000000070e800000, 0x000000070e800000, 0x000000070ea00000|  0%| F|  |TAMS 0x000000070e800000, 0x000000070e800000| Untracked 
| 103|0x000000070ea00000, 0x000000070ea00000, 0x000000070ec00000|  0%| F|  |TAMS 0x000000070ea00000, 0x000000070ea00000| Untracked 
| 104|0x000000070ec00000, 0x000000070ec00000, 0x000000070ee00000|  0%| F|  |TAMS 0x000000070ec00000, 0x000000070ec00000| Untracked 
| 105|0x000000070ee00000, 0x000000070ee00000, 0x000000070f000000|  0%| F|  |TAMS 0x000000070ee00000, 0x000000070ee00000| Untracked 
| 106|0x000000070f000000, 0x000000070f000000, 0x000000070f200000|  0%| F|  |TAMS 0x000000070f000000, 0x000000070f000000| Untracked 
| 107|0x000000070f200000, 0x000000070f200000, 0x000000070f400000|  0%| F|  |TAMS 0x000000070f200000, 0x000000070f200000| Untracked 
| 108|0x000000070f400000, 0x000000070f400000, 0x000000070f600000|  0%| F|  |TAMS 0x000000070f400000, 0x000000070f400000| Untracked 
| 109|0x000000070f600000, 0x000000070f600000, 0x000000070f800000|  0%| F|  |TAMS 0x000000070f600000, 0x000000070f600000| Untracked 
| 110|0x000000070f800000, 0x000000070f800000, 0x000000070fa00000|  0%| F|  |TAMS 0x000000070f800000, 0x000000070f800000| Untracked 
| 111|0x000000070fa00000, 0x000000070fa00000, 0x000000070fc00000|  0%| F|  |TAMS 0x000000070fa00000, 0x000000070fa00000| Untracked 
| 112|0x000000070fc00000, 0x000000070fc00000, 0x000000070fe00000|  0%| F|  |TAMS 0x000000070fc00000, 0x000000070fc00000| Untracked 
| 113|0x000000070fe00000, 0x000000070fe00000, 0x0000000710000000|  0%| F|  |TAMS 0x000000070fe00000, 0x000000070fe00000| Untracked 
| 114|0x0000000710000000, 0x0000000710000000, 0x0000000710200000|  0%| F|  |TAMS 0x0000000710000000, 0x0000000710000000| Untracked 
| 115|0x0000000710200000, 0x0000000710200000, 0x0000000710400000|  0%| F|  |TAMS 0x0000000710200000, 0x0000000710200000| Untracked 
| 116|0x0000000710400000, 0x0000000710400000, 0x0000000710600000|  0%| F|  |TAMS 0x0000000710400000, 0x0000000710400000| Untracked 
| 117|0x0000000710600000, 0x0000000710600000, 0x0000000710800000|  0%| F|  |TAMS 0x0000000710600000, 0x0000000710600000| Untracked 
| 118|0x0000000710800000, 0x0000000710800000, 0x0000000710a00000|  0%| F|  |TAMS 0x0000000710800000, 0x0000000710800000| Untracked 
| 119|0x0000000710a00000, 0x0000000710a00000, 0x0000000710c00000|  0%| F|  |TAMS 0x0000000710a00000, 0x0000000710a00000| Untracked 
| 120|0x0000000710c00000, 0x0000000710c00000, 0x0000000710e00000|  0%| F|  |TAMS 0x0000000710c00000, 0x0000000710c00000| Untracked 
| 121|0x0000000710e00000, 0x0000000711000000, 0x0000000711000000|100%| S|CS|TAMS 0x0000000710e00000, 0x0000000710e00000| Complete 
| 122|0x0000000711000000, 0x0000000711000000, 0x0000000711200000|  0%| F|  |TAMS 0x0000000711000000, 0x0000000711000000| Untracked 
| 123|0x0000000711200000, 0x0000000711200000, 0x0000000711400000|  0%| F|  |TAMS 0x0000000711200000, 0x0000000711200000| Untracked 
| 124|0x0000000711400000, 0x0000000711400000, 0x0000000711600000|  0%| F|  |TAMS 0x0000000711400000, 0x0000000711400000| Untracked 
| 125|0x0000000711600000, 0x0000000711600000, 0x0000000711800000|  0%| F|  |TAMS 0x0000000711600000, 0x0000000711600000| Untracked 
| 126|0x0000000711800000, 0x0000000711901908, 0x0000000711a00000| 50%| E|  |TAMS 0x0000000711800000, 0x0000000711800000| Complete 
| 127|0x0000000711a00000, 0x0000000711c00000, 0x0000000711c00000|100%| E|CS|TAMS 0x0000000711a00000, 0x0000000711a00000| Complete 

Card table byte_map: [0x0000023a4f5b0000,0x0000023a4fdb0000] _byte_map_base: 0x0000023a4bda2000

Marking Bits (Prev, Next): (CMBitMap*) 0x0000023a3c7731f0, (CMBitMap*) 0x0000023a3c773230
 Prev Bits: [0x0000023a505b0000, 0x0000023a54540000)
 Next Bits: [0x0000023a54540000, 0x0000023a584d0000)

Polling page: 0x0000023a3bec0000

Metaspace:

Usage:
  Non-class:      9.18 MB used.
      Class:    876.80 KB used.
       Both:     10.04 MB used.

Virtual space:
  Non-class space:       16.00 MB reserved,       9.25 MB ( 58%) committed,  2 nodes.
      Class space:        1.00 GB reserved,     960.00 KB ( <1%) committed,  1 nodes.
             Both:        1.02 GB reserved,      10.19 MB ( <1%) committed. 

Chunk freelists:
   Non-Class:  2.75 MB
       Class:  3.09 MB
        Both:  5.84 MB

MaxMetaspaceSize: unlimited
CompressedClassSpaceSize: 1.00 GB
Initial GC threshold: 21.00 MB
Current GC threshold: 21.00 MB
CDS: off
MetaspaceReclaimPolicy: balanced
 - commit_granule_bytes: 65536.
 - commit_granule_words: 8192.
 - virtual_space_node_default_size: 1048576.
 - enlarge_chunks_in_place: 1.
 - new_chunks_are_fully_committed: 0.
 - uncommit_free_chunks: 1.
 - use_allocation_guard: 0.
 - handle_deallocations: 1.


Internal statistics:

num_allocs_failed_limit: 0.
num_arena_births: 10.
num_arena_deaths: 0.
num_vsnodes_births: 3.
num_vsnodes_deaths: 0.
num_space_committed: 163.
num_space_uncommitted: 0.
num_chunks_returned_to_freelist: 0.
num_chunks_taken_from_freelist: 48.
num_chunk_merges: 0.
num_chunk_splits: 22.
num_chunks_enlarged: 14.
num_purges: 0.
num_inconsistent_stats: 0.

CodeHeap 'non-profiled nmethods': size=120000Kb used=251Kb max_used=251Kb free=119748Kb
 bounds [0x0000023a47880000, 0x0000023a47af0000, 0x0000023a4edb0000]
CodeHeap 'profiled nmethods': size=120000Kb used=1267Kb max_used=1267Kb free=118732Kb
 bounds [0x0000023a40350000, 0x0000023a405c0000, 0x0000023a47880000]
CodeHeap 'non-nmethods': size=5760Kb used=1202Kb max_used=1235Kb free=4557Kb
 bounds [0x0000023a3fdb0000, 0x0000023a40020000, 0x0000023a40350000]
 total_blobs=1134 nmethods=714 adapters=333
 compilation: enabled
              stopped_count=0, restarted_count=0
 full_count=0

Compilation events (20 events):
Event: 416.567 Thread 0x0000023a5b48ef80  706       3       org.eclipse.jdt.launching.internal.org.objectweb.asm.SymbolTable::add (39 bytes)
Event: 416.567 Thread 0x0000023a5b48ef80 nmethod 706 0x0000023a40489490 code [0x0000023a40489640, 0x0000023a404899b8]
Event: 416.567 Thread 0x0000023a5b48ef80  707       3       java.lang.String::regionMatches (150 bytes)
Event: 416.568 Thread 0x0000023a5b48ef80 nmethod 707 0x0000023a40489b10 code [0x0000023a40489d60, 0x0000023a4048a5a8]
Event: 416.569 Thread 0x0000023a5b48ef80  708       3       org.eclipse.jdt.launching.internal.org.objectweb.asm.SymbolTable::addConstantUtf8 (20 bytes)
Event: 416.569 Thread 0x0000023a5b48ef80 nmethod 708 0x0000023a4048a890 code [0x0000023a4048aa60, 0x0000023a4048ad28]
Event: 416.569 Thread 0x0000023a5b48ef80  709       1       java.security.ProtectionDomain::getCodeSource (5 bytes)
Event: 416.569 Thread 0x0000023a5b48ef80 nmethod 709 0x0000023a478be010 code [0x0000023a478be1a0, 0x0000023a478be278]
Event: 416.574 Thread 0x0000023a5b48e680 

Event: 5401.325 Thread 0x0000023a5b48ef80  712       3       java.lang.ref.ReferenceQueue::reallyPoll (65 bytes)
Event: 5401.341 Thread 0x0000023a5b48ef80 nmethod 712 0x0000023a4048ae90 code [0x0000023a4048b060, 0x0000023a4048b5b8]
Event: 12422.280 Thread 0x0000023a5b48ef80  713   !   3       java.lang.ref.ReferenceQueue::remove (125 bytes)
Event: 12422.295 Thread 0x0000023a5b48ef80 nmethod 713 0x0000023a4048b690 code [0x0000023a4048b8c0, 0x0000023a4048c118]
Event: 12482.288 Thread 0x0000023a5b48ef80  714   !   3       jdk.internal.ref.PhantomCleanable::isListEmpty (34 bytes)
Event: 12482.289 Thread 0x0000023a5b48ef80 nmethod 714 0x0000023a4048c490 code [0x0000023a4048c640, 0x0000023a4048c8b8]
Event: 12482.289 Thread 0x0000023a5b48ef80  715       3       jdk.internal.misc.InnocuousThread::eraseThreadLocals (23 bytes)
Event: 12482.291 Thread 0x0000023a5b48ef80 nmethod 715 0x0000023a4048ca10 code [0x0000023a4048cba0, 0x0000023a4048cd98]
Event: 12678.941 Thread 0x0000023a5b48e680  716       4       org.eclipse.jdt.launching.internal.org.objectweb.asm.ClassReader::readUnsignedShort (26 bytes)
Event: 12678.942 Thread 0x0000023a5b48ef80  717       3       org.eclipse.jdt.launching.internal.org.objectweb.asm.ClassReader::readUTF8 (23 bytes)
Event: 12678.943 Thread 0x0000023a5b48e680 nmethod 716 0x0000023a478beb10 code [0x0000023a478bec80, 0x0000023a478bed78]

GC Heap History (2 events):
Event: 0.560 GC heap before
{Heap before GC invocations=0 (full 0):
 garbage-first heap   total 262144K, used 10240K [0x0000000701c00000, 0x0000000800000000)
  region size 2048K, 6 young (12288K), 0 survivors (0K)
 Metaspace       used 8845K, committed 9024K, reserved 1056768K
  class space    used 742K, committed 832K, reserved 1048576K
}
Event: 0.566 GC heap after
{Heap after GC invocations=1 (full 0):
 garbage-first heap   total 262144K, used 6528K [0x0000000701c00000, 0x0000000800000000)
  region size 2048K, 1 young (2048K), 1 survivors (2048K)
 Metaspace       used 8845K, committed 9024K, reserved 1056768K
  class space    used 742K, committed 832K, reserved 1048576K
}

Dll operation events (8 events):
Event: 0.044 Loaded shared library C:\Users\mukes\.p2\pool\plugins\org.eclipse.justj.openjdk.hotspot.jre.full.win32.x86_64_17.0.5.v20221102-0933\jre\bin\java.dll
Event: 0.328 Loaded shared library C:\Users\mukes\.p2\pool\plugins\org.eclipse.justj.openjdk.hotspot.jre.full.win32.x86_64_17.0.5.v20221102-0933\jre\bin\zip.dll
Event: 0.331 Loaded shared library C:\Users\mukes\.p2\pool\plugins\org.eclipse.justj.openjdk.hotspot.jre.full.win32.x86_64_17.0.5.v20221102-0933\jre\bin\instrument.dll
Event: 0.348 Loaded shared library C:\Users\mukes\.p2\pool\plugins\org.eclipse.justj.openjdk.hotspot.jre.full.win32.x86_64_17.0.5.v20221102-0933\jre\bin\net.dll
Event: 0.352 Loaded shared library C:\Users\mukes\.p2\pool\plugins\org.eclipse.justj.openjdk.hotspot.jre.full.win32.x86_64_17.0.5.v20221102-0933\jre\bin\nio.dll
Event: 0.361 Loaded shared library C:\Users\mukes\.p2\pool\plugins\org.eclipse.justj.openjdk.hotspot.jre.full.win32.x86_64_17.0.5.v20221102-0933\jre\bin\zip.dll
Event: 0.539 Loaded shared library C:\Users\mukes\.p2\pool\plugins\org.eclipse.justj.openjdk.hotspot.jre.full.win32.x86_64_17.0.5.v20221102-0933\jre\bin\jimage.dll
Event: 0.647 Loaded shared library C:\Users\mukes\.p2\pool\plugins\org.eclipse.justj.openjdk.hotspot.jre.full.win32.x86_64_17.0.5.v20221102-0933\jre\bin\verify.dll

Deoptimization events (20 events):
Event: 0.669 Thread 0x0000023a3c708830 DEOPT PACKING pc=0x0000023a4045d67c sp=0x0000003f188fb750
Event: 0.669 Thread 0x0000023a3c708830 DEOPT UNPACKING pc=0x0000023a3fe02b43 sp=0x0000003f188fabb8 mode 0
Event: 0.669 Thread 0x0000023a3c708830 DEOPT PACKING pc=0x0000023a4045d67c sp=0x0000003f188fb750
Event: 0.669 Thread 0x0000023a3c708830 DEOPT UNPACKING pc=0x0000023a3fe02b43 sp=0x0000003f188fabb8 mode 0
Event: 0.672 Thread 0x0000023a3c708830 DEOPT PACKING pc=0x0000023a4045d67c sp=0x0000003f188f7c80
Event: 0.672 Thread 0x0000023a3c708830 DEOPT UNPACKING pc=0x0000023a3fe02b43 sp=0x0000003f188f70e8 mode 0
Event: 0.674 Thread 0x0000023a3c708830 DEOPT PACKING pc=0x0000023a4045d754 sp=0x0000003f188fb680
Event: 0.674 Thread 0x0000023a3c708830 DEOPT UNPACKING pc=0x0000023a3fe02b43 sp=0x0000003f188faae8 mode 0
Event: 0.676 Thread 0x0000023a3c708830 DEOPT PACKING pc=0x0000023a4045d754 sp=0x0000003f188fb750
Event: 0.676 Thread 0x0000023a3c708830 DEOPT UNPACKING pc=0x0000023a3fe02b43 sp=0x0000003f188fabb8 mode 0
Event: 0.680 Thread 0x0000023a3c708830 DEOPT PACKING pc=0x0000023a4045d754 sp=0x0000003f188f78f0
Event: 0.680 Thread 0x0000023a3c708830 DEOPT UNPACKING pc=0x0000023a3fe02b43 sp=0x0000003f188f6d58 mode 0
Event: 0.681 Thread 0x0000023a3c708830 DEOPT PACKING pc=0x0000023a4045d754 sp=0x0000003f188f78f0
Event: 0.681 Thread 0x0000023a3c708830 DEOPT UNPACKING pc=0x0000023a3fe02b43 sp=0x0000003f188f6d58 mode 0
Event: 0.681 Thread 0x0000023a3c708830 DEOPT PACKING pc=0x0000023a4045d67c sp=0x0000003f188f78f0
Event: 0.681 Thread 0x0000023a3c708830 DEOPT UNPACKING pc=0x0000023a3fe02b43 sp=0x0000003f188f6d58 mode 0
Event: 0.682 Thread 0x0000023a3c708830 DEOPT PACKING pc=0x0000023a4045d67c sp=0x0000003f188f78f0
Event: 0.682 Thread 0x0000023a3c708830 DEOPT UNPACKING pc=0x0000023a3fe02b43 sp=0x0000003f188f6d58 mode 0
Event: 0.683 Thread 0x0000023a3c708830 DEOPT PACKING pc=0x0000023a4045d67c sp=0x0000003f188f78f0
Event: 0.683 Thread 0x0000023a3c708830 DEOPT UNPACKING pc=0x0000023a3fe02b43 sp=0x0000003f188f6d58 mode 0

Classes unloaded (0 events):
No events

Classes redefined (4 events):
Event: 310.521 Thread 0x0000023a5a9ed800 redefined class name=automationdemoLaunchBrowser.ImpTestingProject, count=1
Event: 336.353 Thread 0x0000023a5a9ed800 redefined class name=automationdemoLaunchBrowser.ImpTestingProject, count=2
Event: 367.118 Thread 0x0000023a5a9ed800 redefined class name=automationdemoLaunchBrowser.ImpTestingProject, count=3
Event: 416.571 Thread 0x0000023a5a9ed800 redefined class name=automationdemoLaunchBrowser.ImpTestingProject, count=4

Internal exceptions (0 events):
No events

VM Operations (20 events):
Event: 491.609 Executing VM operation: ChangeBreakpoints
Event: 491.610 Executing VM operation: ChangeBreakpoints done
Event: 503.506 Executing VM operation: ChangeBreakpoints
Event: 503.507 Executing VM operation: ChangeBreakpoints done
Event: 8820.187 Executing VM operation: ChangeBreakpoints
Event: 8820.198 Executing VM operation: ChangeBreakpoints done
Event: 12638.568 Executing VM operation: ChangeBreakpoints
Event: 12638.570 Executing VM operation: ChangeBreakpoints done
Event: 12641.435 Executing VM operation: ChangeBreakpoints
Event: 12641.435 Executing VM operation: ChangeBreakpoints done
Event: 12643.103 Executing VM operation: ChangeBreakpoints
Event: 12643.103 Executing VM operation: ChangeBreakpoints done
Event: 12643.105 Executing VM operation: ChangeBreakpoints
Event: 12643.105 Executing VM operation: ChangeBreakpoints done
Event: 12646.540 Executing VM operation: ChangeBreakpoints
Event: 12646.540 Executing VM operation: ChangeBreakpoints done
Event: 12647.944 Executing VM operation: ChangeBreakpoints
Event: 12647.952 Executing VM operation: ChangeBreakpoints done
Event: 12675.388 Executing VM operation: ChangeBreakpoints
Event: 12675.389 Executing VM operation: ChangeBreakpoints done

Events (20 events):
Event: 0.657 loading class jdk/internal/reflect/UTF8 done
Event: 0.658 loading class jdk/internal/reflect/Label
Event: 0.658 loading class jdk/internal/reflect/Label done
Event: 0.658 loading class jdk/internal/reflect/Label$PatchInfo
Event: 0.658 loading class jdk/internal/reflect/Label$PatchInfo done
Event: 0.658 loading class jdk/internal/reflect/MethodAccessorGenerator$1
Event: 0.658 loading class jdk/internal/reflect/MethodAccessorGenerator$1 done
Event: 0.658 loading class jdk/internal/reflect/ClassDefiner
Event: 0.658 loading class jdk/internal/reflect/ClassDefiner done
Event: 0.658 loading class jdk/internal/reflect/ClassDefiner$1
Event: 0.658 loading class jdk/internal/reflect/ClassDefiner$1 done
Event: 0.658 loading class jdk/internal/reflect/BootstrapConstructorAccessorImpl
Event: 0.658 loading class jdk/internal/reflect/BootstrapConstructorAccessorImpl done
Event: 0.662 loading class java/lang/TypeNotPresentException
Event: 0.663 loading class java/lang/TypeNotPresentException done
Event: 0.683 loading class java/lang/IllegalStateException
Event: 0.683 loading class java/lang/IllegalStateException done
Event: 0.685 loading class java/lang/InterruptedException
Event: 0.685 loading class java/lang/InterruptedException done
Event: 5.701 Thread 0x0000023a5bde1d80 Thread exited: 0x0000023a5bde1d80


Dynamic libraries:
0x00007ff6788d0000 - 0x00007ff6788de000 	C:\Users\mukes\.p2\pool\plugins\org.eclipse.justj.openjdk.hotspot.jre.full.win32.x86_64_17.0.5.v20221102-0933\jre\bin\javaw.exe
0x00007ff910610000 - 0x00007ff910808000 	C:\WINDOWS\SYSTEM32\ntdll.dll
0x00007ff90fce0000 - 0x00007ff90fd9f000 	C:\WINDOWS\System32\KERNEL32.DLL
0x00007ff90e110000 - 0x00007ff90e3e2000 	C:\WINDOWS\System32\KERNELBASE.dll
0x00007ff90de80000 - 0x00007ff90df80000 	C:\WINDOWS\System32\ucrtbase.dll
0x00007ff8f39d0000 - 0x00007ff8f39e9000 	C:\Users\mukes\.p2\pool\plugins\org.eclipse.justj.openjdk.hotspot.jre.full.win32.x86_64_17.0.5.v20221102-0933\jre\bin\VCRUNTIME140.dll
0x00007ff8f2780000 - 0x00007ff8f2797000 	C:\Users\mukes\.p2\pool\plugins\org.eclipse.justj.openjdk.hotspot.jre.full.win32.x86_64_17.0.5.v20221102-0933\jre\bin\jli.dll
0x00007ff90f9c0000 - 0x00007ff90fb61000 	C:\WINDOWS\System32\USER32.dll
0x00007ff90dfd0000 - 0x00007ff90dff2000 	C:\WINDOWS\System32\win32u.dll
0x00007ff8fece0000 - 0x00007ff8fef7a000 	C:\WINDOWS\WinSxS\amd64_microsoft.windows.common-controls_6595b64144ccf1df_6.0.19041.1110_none_60b5254171f9507e\COMCTL32.dll
0x00007ff90fda0000 - 0x00007ff90fdcb000 	C:\WINDOWS\System32\GDI32.dll
0x00007ff90fb70000 - 0x00007ff90fc0e000 	C:\WINDOWS\System32\msvcrt.dll
0x00007ff90e000000 - 0x00007ff90e10f000 	C:\WINDOWS\System32\gdi32full.dll
0x00007ff90e3f0000 - 0x00007ff90e48d000 	C:\WINDOWS\System32\msvcp_win.dll
0x00007ff90f500000 - 0x00007ff90f530000 	C:\WINDOWS\System32\IMM32.DLL
0x00007ff908ef0000 - 0x00007ff908efc000 	C:\Users\mukes\.p2\pool\plugins\org.eclipse.justj.openjdk.hotspot.jre.full.win32.x86_64_17.0.5.v20221102-0933\jre\bin\vcruntime140_1.dll
0x00007ff8d4bf0000 - 0x00007ff8d4c81000 	C:\Users\mukes\.p2\pool\plugins\org.eclipse.justj.openjdk.hotspot.jre.full.win32.x86_64_17.0.5.v20221102-0933\jre\bin\msvcp140.dll
0x00007ff891400000 - 0x00007ff892044000 	C:\Users\mukes\.p2\pool\plugins\org.eclipse.justj.openjdk.hotspot.jre.full.win32.x86_64_17.0.5.v20221102-0933\jre\bin\server\jvm.dll
0x00007ff90eb60000 - 0x00007ff90ec0e000 	C:\WINDOWS\System32\ADVAPI32.dll
0x00007ff90eaa0000 - 0x00007ff90eb3c000 	C:\WINDOWS\System32\sechost.dll
0x00007ff90f3d0000 - 0x00007ff90f4f4000 	C:\WINDOWS\System32\RPCRT4.dll
0x00007ff905ec0000 - 0x00007ff905eca000 	C:\WINDOWS\SYSTEM32\VERSION.dll
0x00007ff8f6af0000 - 0x00007ff8f6b17000 	C:\WINDOWS\SYSTEM32\WINMM.dll
0x00007ff8fa090000 - 0x00007ff8fa099000 	C:\WINDOWS\SYSTEM32\WSOCK32.dll
0x00007ff90fc70000 - 0x00007ff90fcdb000 	C:\WINDOWS\System32\WS2_32.dll
0x00007ff90c510000 - 0x00007ff90c522000 	C:\WINDOWS\SYSTEM32\kernel.appcore.dll
0x00007ff907b30000 - 0x00007ff907b3a000 	C:\Users\mukes\.p2\pool\plugins\org.eclipse.justj.openjdk.hotspot.jre.full.win32.x86_64_17.0.5.v20221102-0933\jre\bin\jimage.dll
0x00007ff90c220000 - 0x00007ff90c404000 	C:\WINDOWS\SYSTEM32\DBGHELP.DLL
0x00007ff8f45c0000 - 0x00007ff8f45f5000 	C:\WINDOWS\SYSTEM32\dbgcore.DLL
0x00007ff90ddf0000 - 0x00007ff90de72000 	C:\WINDOWS\System32\bcryptPrimitives.dll
0x00007ff8ce640000 - 0x00007ff8ce67b000 	C:\Users\mukes\.p2\pool\plugins\org.eclipse.justj.openjdk.hotspot.jre.full.win32.x86_64_17.0.5.v20221102-0933\jre\bin\jdwp.dll
0x00007ff8fd7a0000 - 0x00007ff8fd7ae000 	C:\Users\mukes\.p2\pool\plugins\org.eclipse.justj.openjdk.hotspot.jre.full.win32.x86_64_17.0.5.v20221102-0933\jre\bin\instrument.dll
0x00007ff8fd8c0000 - 0x00007ff8fd8e5000 	C:\Users\mukes\.p2\pool\plugins\org.eclipse.justj.openjdk.hotspot.jre.full.win32.x86_64_17.0.5.v20221102-0933\jre\bin\java.dll
0x00007ff907b10000 - 0x00007ff907b28000 	C:\Users\mukes\.p2\pool\plugins\org.eclipse.justj.openjdk.hotspot.jre.full.win32.x86_64_17.0.5.v20221102-0933\jre\bin\zip.dll
0x00007ff90fe80000 - 0x00007ff9105c5000 	C:\WINDOWS\System32\SHELL32.dll
0x00007ff90b9b0000 - 0x00007ff90c142000 	C:\WINDOWS\SYSTEM32\windows.storage.dll
0x00007ff90f070000 - 0x00007ff90f3c5000 	C:\WINDOWS\System32\combase.dll
0x00007ff90d5b0000 - 0x00007ff90d5e0000 	C:\WINDOWS\SYSTEM32\Wldp.dll
0x00007ff90e7e0000 - 0x00007ff90e88d000 	C:\WINDOWS\System32\SHCORE.dll
0x00007ff90e890000 - 0x00007ff90e8e5000 	C:\WINDOWS\System32\shlwapi.dll
0x00007ff90dc50000 - 0x00007ff90dc6f000 	C:\WINDOWS\SYSTEM32\profapi.dll
0x00007ff8f4ce0000 - 0x00007ff8f4cec000 	C:\Users\mukes\.p2\pool\plugins\org.eclipse.justj.openjdk.hotspot.jre.full.win32.x86_64_17.0.5.v20221102-0933\jre\bin\dt_socket.dll
0x00007ff90d0a0000 - 0x00007ff90d0db000 	C:\WINDOWS\SYSTEM32\IPHLPAPI.DLL
0x00007ff90d390000 - 0x00007ff90d3fa000 	C:\WINDOWS\system32\mswsock.dll
0x00007ff90d0e0000 - 0x00007ff90d1ab000 	C:\WINDOWS\SYSTEM32\DNSAPI.dll
0x00007ff90edc0000 - 0x00007ff90edc8000 	C:\WINDOWS\System32\NSI.dll
0x00007ff8ff230000 - 0x00007ff8ff23a000 	C:\Windows\System32\rasadhlp.dll
0x00007ff903210000 - 0x00007ff903290000 	C:\WINDOWS\System32\fwpuclnt.dll
0x00007ff90dd10000 - 0x00007ff90dd37000 	C:\WINDOWS\System32\bcrypt.dll
0x00007ff905cc0000 - 0x00007ff905cd9000 	C:\Users\mukes\.p2\pool\plugins\org.eclipse.justj.openjdk.hotspot.jre.full.win32.x86_64_17.0.5.v20221102-0933\jre\bin\net.dll
0x00007ff9035e0000 - 0x00007ff9036ea000 	C:\WINDOWS\SYSTEM32\WINHTTP.dll
0x00007ff8fd780000 - 0x00007ff8fd795000 	C:\Users\mukes\.p2\pool\plugins\org.eclipse.justj.openjdk.hotspot.jre.full.win32.x86_64_17.0.5.v20221102-0933\jre\bin\nio.dll
0x00007ff904290000 - 0x00007ff9042a0000 	C:\Users\mukes\.p2\pool\plugins\org.eclipse.justj.openjdk.hotspot.jre.full.win32.x86_64_17.0.5.v20221102-0933\jre\bin\verify.dll

dbghelp: loaded successfully - version: 4.0.5 - missing functions: none
symbol engine: initialized successfully - sym options: 0x614 - pdb path: .;C:\Users\mukes\.p2\pool\plugins\org.eclipse.justj.openjdk.hotspot.jre.full.win32.x86_64_17.0.5.v20221102-0933\jre\bin;C:\WINDOWS\SYSTEM32;C:\WINDOWS\WinSxS\amd64_microsoft.windows.common-controls_6595b64144ccf1df_6.0.19041.1110_none_60b5254171f9507e;C:\Users\mukes\.p2\pool\plugins\org.eclipse.justj.openjdk.hotspot.jre.full.win32.x86_64_17.0.5.v20221102-0933\jre\bin\server

VM Arguments:
jvm_args: -XX:+ShowCodeDetailsInExceptionMessages -agentlib:jdwp=transport=dt_socket,suspend=y,address=localhost:56633 -javaagent:C:\Users\mukes\eclipse\jee-2022-12\eclipse\configuration\org.eclipse.osgi\420\0\.cp\lib\javaagent-shaded.jar -Dfile.encoding=UTF-8 
java_command: automationdemoLaunchBrowser.ImpTestingProject
java_class_path (initial): C:\Users\mukes\eclipse-workspace\DemoSelenium\target\classes;C:\Users\mukes\.p2\pool\plugins\org.testng_7.4.0.r202105021533.jar;C:\Users\mukes\.p2\pool\plugins\com.beust.jcommander_1.78.0.jar;C:\Users\mukes\.p2\pool\plugins\org.apache-extras.beanshell.bsh_2.0.0.b6.jar;C:\Users\mukes\.p2\pool\plugins\org.yaml.snakeyaml_1.27.0.v20221112-0806.jar;C:\Users\mukes\.p2\pool\plugins\org.webjars.jquery_3.5.1.jar;C:\Users\mukes\.m2\repository\org\seleniumhq\selenium\selenium-java\4.8.1\selenium-java-4.8.1.jar;C:\Users\mukes\.m2\repository\org\seleniumhq\selenium\selenium-api\4.8.1\selenium-api-4.8.1.jar;C:\Users\mukes\.m2\repository\org\seleniumhq\selenium\selenium-chrome-driver\4.8.1\selenium-chrome-driver-4.8.1.jar;C:\Users\mukes\.m2\repository\com\google\auto\service\auto-service-annotations\1.0.1\auto-service-annotations-1.0.1.jar;C:\Users\mukes\.m2\repository\com\google\auto\service\auto-service\1.0.1\auto-service-1.0.1.jar;C:\Users\mukes\.m2\repository\com\google\auto\auto-common\1.2\auto-common-1.2.jar;C:\Users\mukes\.m2\repository\com\google\guava\guava\31.1-jre\guava-31.1-jre.jar;C:\Users\mukes\.m2\repository\com\google\guava\failureaccess\1.0.1\failureaccess-1.0.1.jar;C:\Users\mukes\.m2\repository\com\google\guava\listenablefuture\9999.0-empty-to-avoid-conflict-with-guava\listenablefuture-9999.0-empty-to-avoid-conflict-with-guava.jar;C:\Users\mukes\.m2\repository\com\google\code\findbugs\jsr305\3.0.2\jsr305-3.0.2.jar;C:\Users\mukes\.m2\repository\org\checkerframework\checker-qual\3.12.0\checker-qual-3.12.0.jar;C:\Users\mukes\.m2\repository\com\google\errorprone\error_prone_annotations\2.11.0\error_prone_annotations-2.11.0.jar;C:\Users\mukes\.m2\repository\com\google\j2objc\j2objc-annotations\1.3\j2objc-annotations-1.3.jar;C:\Users\mukes\.m2\repository\org\seleniumhq\selenium\selenium-chromium-driver\4.8.1\selenium-chromium-driver-4.8.1.jar;C:\Users\mukes\.m2\repository\org\seleniumhq\selenium\selenium-json\4.8.1\selenium-json-4.8.1.jar;C
Launcher Type: SUN_STANDARD

[Global flags]
     intx CICompilerCount                          = 3                                         {product} {ergonomic}
     uint ConcGCThreads                            = 1                                         {product} {ergonomic}
     uint G1ConcRefinementThreads                  = 4                                         {product} {ergonomic}
   size_t G1HeapRegionSize                         = 2097152                                   {product} {ergonomic}
    uintx GCDrainStackTargetSize                   = 64                                        {product} {ergonomic}
   size_t InitialHeapSize                          = 268435456                                 {product} {ergonomic}
   size_t MarkStackSize                            = 4194304                                   {product} {ergonomic}
   size_t MaxHeapSize                              = 4265607168                                {product} {ergonomic}
   size_t MaxNewSize                               = 2558525440                                {product} {ergonomic}
   size_t MinHeapDeltaBytes                        = 2097152                                   {product} {ergonomic}
   size_t MinHeapSize                              = 8388608                                   {product} {ergonomic}
    uintx NonNMethodCodeHeapSize                   = 5832780                                {pd product} {ergonomic}
    uintx NonProfiledCodeHeapSize                  = 122912730                              {pd product} {ergonomic}
    uintx ProfiledCodeHeapSize                     = 122912730                              {pd product} {ergonomic}
    uintx ReservedCodeCacheSize                    = 251658240                              {pd product} {ergonomic}
     bool SegmentedCodeCache                       = true                                      {product} {ergonomic}
     bool ShowCodeDetailsInExceptionMessages       = true                                   {manageable} {command line}
   size_t SoftMaxHeapSize                          = 4265607168                             {manageable} {ergonomic}
     bool UseCompressedClassPointers               = true                           {product lp64_product} {ergonomic}
     bool UseCompressedOops                        = true                           {product lp64_product} {ergonomic}
     bool UseG1GC                                  = true                                      {product} {ergonomic}
     bool UseLargePagesIndividualAllocation        = false                                  {pd product} {ergonomic}

Logging:
Log output configuration:
 #0: stdout all=warning uptime,level,tags
 #1: stderr all=off uptime,level,tags

Environment Variables:
PATH=C:\Users\mukes\.p2\pool\plugins\org.eclipse.justj.openjdk.hotspot.jre.full.win32.x86_64_17.0.5.v20221102-0933\jre\bin;C:/Users/mukes/.p2/pool/plugins/org.eclipse.justj.openjdk.hotspot.jre.full.win32.x86_64_17.0.5.v20221102-0933/jre/bin/server;C:/Users/mukes/.p2/pool/plugins/org.eclipse.justj.openjdk.hotspot.jre.full.win32.x86_64_17.0.5.v20221102-0933/jre/bin;C:\Program Files\Common Files\Oracle\Java\javapath;C:\Program Files (x86)\Common Files\Oracle\Java\javapath;C:\Program Files (x86)\Intel\iCLS Client\;C:\Program Files\Intel\iCLS Client\;C:\WINDOWS\system32;C:\WINDOWS;C:\WINDOWS\System32\Wbem;C:\WINDOWS\System32\WindowsPowerShell\v1.0\;C:\Program Files (x86)\Intel\Intel(R) Management Engine Components\DAL;C:\Program Files\Intel\Intel(R) Management Engine Components\DAL;C:\Program Files (x86)\Intel\Intel(R) Management Engine Components\IPT;C:\Program Files\Intel\Intel(R) Management Engine Components\IPT;c:\Program Files\Intel\WiFi\bin\;c:\Program Files\Common Files\Intel\WirelessCommon\;C:\WINDOWS\System32\OpenSSH\;C:\WINDOWS\system32;C:\WINDOWS;C:\Program Files\Git\cmd;C:\Program Files\TortoiseGit\bin;C:\Program Files (x86)\Microsoft SQL Server\160\Tools\Binn\;C:\Program Files\Microsoft SQL Server\160\Tools\Binn\;C:\Program Files\Microsoft SQL Server\Client SDK\ODBC\170\Tools\Binn\;C:\Program Files\Microsoft SQL Server\160\DTS\Binn\;C:\Users\mukes\AppData\Local\Microsoft\WindowsApps;C:\Users\mukes\Desktop;
USERNAME=mukes
OS=Windows_NT
PROCESSOR_IDENTIFIER=Intel64 Family 6 Model 142 Stepping 9, GenuineIntel
TMP=C:\Users\mukes\AppData\Local\Temp
TEMP=C:\Users\mukes\AppData\Local\Temp



---------------  S Y S T E M  ---------------

OS:
 Windows 10 , 64 bit Build 19041 (10.0.19041.2546)
OS uptime: 2 days 20:31 hours
Hyper-V role detected

CPU: total 4 (initial active 4) (2 cores per cpu, 2 threads per core) family 6 model 142 stepping 9 microcode 0xb4, cx8, cmov, fxsr, ht, mmx, 3dnowpref, sse, sse2, sse3, ssse3, sse4.1, sse4.2, popcnt, lzcnt, tsc, tscinvbit, avx, avx2, aes, erms, clmul, bmi1, bmi2, adx, fma, vzeroupper, clflush, clflushopt, hv

Memory: 4k page, system-wide physical 16268M (7057M free)
TotalPageFile size 28044M (AvailPageFile size 11463M)
current process WorkingSet (physical memory assigned to process): 14M, peak: 69M
current process commit charge ("private bytes"): 344M, peak: 346M

vm_info: OpenJDK 64-Bit Server VM (17.0.5+8) for windows-amd64 JRE (17.0.5+8), built on Oct 19 2022 04:48:13 by "temurin" with MS VC++ 16.7 (VS2019)

END.
